MPASM  5.31                            P2.ASM   11-15-2020  15:17:14         PAGE  1


LOC  OBJECT CODE     LINE SOURCE TEXT
  VALUE

Warning[205]: Found directive in column 1. (include)
                      00001 include <P16F628A.INC>
                      00001         LIST
                      00002 ; P16F628A.INC  Standard Header File, Version 1.10    Microchip Technology, Inc.
                      00265         LIST
                      00266 
                      00002 
2007   3F10           00003         __CONFIG        3F10
                      00004 
                      00005                 org     0x00
0000   2???           00006                 goto    Inicio
                      00007 
                      00008                 org     0x04
                      00009 
0004   138B           00010                 bcf             INTCON, GIE     ; inhabilito las interrupciones globales
0005   108B           00011                 bcf     INTCON, INTF    ; bajo el flag de la interrupción
                      00012 
0006   1886           00013                 btfsc   PORTB,1                 ;el led 1 esta apagado?
0007   2???           00014                 goto    CASE_NO                 ;si no esta apagado voy al caso no
                      00015 
0008   1C86           00016                 btfss   PORTB,1                 ;el led 1 esta encendido?
0009   2???           00017                 goto    CASE_SI                 ;si esta apagado voy al caso si
                      00018                 
000A                  00019 FINAL
000A   0009           00020                 retfie                                  ; Return especial para las rutinas de interrupci
                            ón
                      00021 
000B                  00022 CASE_SI:
000B   1D06           00023                 btfss   PORTB,2                 ;el led 2 esta encendido?       
000C   1486           00024                 bsf             PORTB,1                 ;si no, prendo el led 1
000D   1106           00025                 bcf             PORTB,2                 ;apago el led 2 
000E   2???           00026                 goto    FINAL
                      00027 
000F                  00028 CASE_NO:
000F   1906           00029                 btfsc   PORTB,2                 ;el led 2 esta apagado? 
0010   1086           00030                 bcf             PORTB,1                 ;si no, apago el led 1
0011   1506           00031                 bsf             PORTB,2                 ;enciendo el led 2      
0012   2???           00032                 goto    FINAL
                      00033 
0013   178B           00034 Inicio  bsf     INTCON,GIE              ; habilito las interrupciones globales
0014   160B           00035                 bsf     INTCON,INTE             ; habilito la interrupción por RB0
0015   1683           00036                 bsf     STATUS,RP0      ; me muevo al Banco 1
Message[302]: Register in operand not in bank 0.  Ensure that bank bits are correct.
0016   1381           00037                 bcf             OPTION_REG,NOT_RBPU
0017   3001           00038                 movlw   b'00000001'     ; configuro el TRISB: RB0 entrada y el resto salida
Message[302]: Register in operand not in bank 0.  Ensure that bank bits are correct.
0018   0086           00039                 movwf   TRISB
0019   1283           00040                 bcf             STATUS, RP0     ; regreso al Banco 0
                      00041                 
001A   0186           00042                 clrf    PORTB                   ; pongo a cero los registros del puerto b
001B   2???           00043                 goto    $               ; esto indica que se hace un loop en la misma posición 
                      00044 
                      00045 
MPASM  5.31                            P2.ASM   11-15-2020  15:17:14         PAGE  2


LOC  OBJECT CODE     LINE SOURCE TEXT
  VALUE

                      00046 
3F10                  00047         END
MPASM  5.31                            P2.ASM   11-15-2020  15:17:14         PAGE  3


SYMBOL TABLE
  LABEL                             VALUE 

ADEN                              00000003
BRGH                              00000002
C                                 00000000
C1INV                             00000004
C1OUT                             00000006
C2INV                             00000005
C2OUT                             00000007
CASE_NO                           0000000F
CASE_SI                           0000000B
CCP1CON                           00000017
CCP1IE                            00000002
CCP1IF                            00000002
CCP1M0                            00000000
CCP1M1                            00000001
CCP1M2                            00000002
CCP1M3                            00000003
CCP1X                             00000005
CCP1Y                             00000004
CCPR1H                            00000016
CCPR1L                            00000015
CIS                               00000003
CM0                               00000000
CM1                               00000001
CM2                               00000002
CMCON                             0000001F
CMIE                              00000006
CMIF                              00000006
CREN                              00000004
CSRC                              00000007
DC                                00000001
EEADR                             0000009B
EECON1                            0000009C
EECON2                            0000009D
EEDATA                            0000009A
EEIE                              00000007
EEIF                              00000007
F                                 00000001
FERR                              00000002
FINAL                             0000000A
FSR                               00000004
GIE                               00000007
INDF                              00000000
INTCON                            0000000B
INTE                              00000004
INTEDG                            00000006
INTF                              00000001
IRP                               00000007
Inicio                            00000013
NOT_BO                            00000000
NOT_BOD                           00000000
NOT_BOR                           00000000
NOT_PD                            00000003
NOT_POR                           00000001
MPASM  5.31                            P2.ASM   11-15-2020  15:17:14         PAGE  4


SYMBOL TABLE
  LABEL                             VALUE 

NOT_RBPU                          00000007
NOT_T1SYNC                        00000002
NOT_TO                            00000004
OERR                              00000001
OPTION_REG                        00000081
OSCF                              00000003
PCL                               00000002
PCLATH                            0000000A
PCON                              0000008E
PEIE                              00000006
PIE1                              0000008C
PIR1                              0000000C
PORTA                             00000005
PORTB                             00000006
PR2                               00000092
PS0                               00000000
PS1                               00000001
PS2                               00000002
PSA                               00000003
RBIE                              00000003
RBIF                              00000000
RCIE                              00000005
RCIF                              00000005
RCREG                             0000001A
RCSTA                             00000018
RD                                00000000
RP0                               00000005
RP1                               00000006
RX9                               00000006
RX9D                              00000000
SPBRG                             00000099
SPEN                              00000007
SREN                              00000005
STATUS                            00000003
SYNC                              00000004
T0CS                              00000005
T0IE                              00000005
T0IF                              00000002
T0SE                              00000004
T1CKPS0                           00000004
T1CKPS1                           00000005
T1CON                             00000010
T1OSCEN                           00000003
T2CKPS0                           00000000
T2CKPS1                           00000001
T2CON                             00000012
TMR0                              00000001
TMR1CS                            00000001
TMR1H                             0000000F
TMR1IE                            00000000
TMR1IF                            00000000
TMR1L                             0000000E
TMR1ON                            00000000
MPASM  5.31                            P2.ASM   11-15-2020  15:17:14         PAGE  5


SYMBOL TABLE
  LABEL                             VALUE 

TMR2                              00000011
TMR2IE                            00000001
TMR2IF                            00000001
TMR2ON                            00000002
TOUTPS0                           00000003
TOUTPS1                           00000004
TOUTPS2                           00000005
TOUTPS3                           00000006
TRISA                             00000085
TRISB                             00000086
TRMT                              00000001
TX9                               00000006
TX9D                              00000000
TXEN                              00000005
TXIE                              00000004
TXIF                              00000004
TXREG                             00000019
TXSTA                             00000098
VR0                               00000000
VR1                               00000001
VR2                               00000002
VR3                               00000003
VRCON                             0000009F
VREN                              00000007
VROE                              00000006
VRR                               00000005
W                                 00000000
WR                                00000001
WREN                              00000002
WRERR                             00000003
Z                                 00000002
_.org_1_001B                      0000001B
_BODEN_OFF                        00003FBF
_BODEN_ON                         00003FFF
_BOREN_OFF                        00003FBF
_BOREN_ON                         00003FFF
_CP_OFF                           00003FFF
_CP_ON                            00001FFF
_DATA_CP_OFF                      00003FFF
_DATA_CP_ON                       00003EFF
_ER_OSC_CLKOUT                    00003FFF
_ER_OSC_NOCLKOUT                  00003FFE
_EXTCLK_OSC                       00003FEF
_HS_OSC                           00003FEE
_INTOSC_OSC_CLKOUT                00003FFD
_INTOSC_OSC_NOCLKOUT              00003FFC
_INTRC_OSC_CLKOUT                 00003FFD
_INTRC_OSC_NOCLKOUT               00003FFC
_LP_OSC                           00003FEC
_LVP_OFF                          00003F7F
_LVP_ON                           00003FFF
_MCLRE_OFF                        00003FDF
_MCLRE_ON                         00003FFF
MPASM  5.31                            P2.ASM   11-15-2020  15:17:14         PAGE  6


SYMBOL TABLE
  LABEL                             VALUE 

_PWRTE_OFF                        00003FFF
_PWRTE_ON                         00003FF7
_RC_OSC_CLKOUT                    00003FFF
_RC_OSC_NOCLKOUT                  00003FFE
_WDT_OFF                          00003FFB
_WDT_ON                           00003FFF
_XT_OSC                           00003FED
__16F628A                         00000001
__DEBUG                           1

Errors   :     0
Warnings :     1 reported,     0 suppressed
Messages :     2 reported,     0 suppressed

